<?xml version="1.0" encoding="UTF-8"?>
<testng-results ignored="1" total="3" passed="1" failed="1" skipped="0">
  <reporter-output>
    <line>
      <![CDATA[Test case pass!]]>
    </line>
  </reporter-output>
  <suite started-at="2021-08-04T13:16:35 IST" name="Default suite" finished-at="2021-08-04T13:16:55 IST" duration-ms="19867">
    <groups>
    </groups>
    <test started-at="2021-08-04T13:16:35 IST" name="Default test" finished-at="2021-08-04T13:16:55 IST" duration-ms="19867">
      <class name="KiteLoginTestPackage.LoginTestClass">
        <test-method is-config="true" signature="Browser_Set_Up()[pri:0, instance:KiteLoginTestPackage.LoginTestClass@17046283]" started-at="2021-08-04T13:16:35 IST" name="Browser_Set_Up" finished-at="2021-08-04T13:16:46 IST" duration-ms="10537" status="PASS">
          <reporter-output>
          </reporter-output>
        </test-method> <!-- Browser_Set_Up -->
        <test-method is-config="true" signature="Kite_Login_Method()[pri:0, instance:KiteLoginTestPackage.LoginTestClass@17046283]" started-at="2021-08-04T13:16:46 IST" name="Kite_Login_Method" finished-at="2021-08-04T13:16:47 IST" duration-ms="1161" status="PASS">
          <reporter-output>
          </reporter-output>
        </test-method> <!-- Kite_Login_Method -->
        <test-method signature="Kite_User_Verify_Test()[pri:0, instance:KiteLoginTestPackage.LoginTestClass@17046283]" started-at="2021-08-04T13:16:47 IST" name="Kite_User_Verify_Test" finished-at="2021-08-04T13:16:49 IST" duration-ms="1913" status="PASS">
          <reporter-output>
            <line>
              <![CDATA[Test case pass!]]>
            </line>
          </reporter-output>
        </test-method> <!-- Kite_User_Verify_Test -->
        <test-method is-config="true" signature="Kite_Logout_And_Refresh_Method()[pri:0, instance:KiteLoginTestPackage.LoginTestClass@17046283]" started-at="2021-08-04T13:16:49 IST" name="Kite_Logout_And_Refresh_Method" finished-at="2021-08-04T13:16:50 IST" duration-ms="1143" status="PASS">
          <reporter-output>
          </reporter-output>
        </test-method> <!-- Kite_Logout_And_Refresh_Method -->
        <test-method is-config="true" signature="Kite_Login_Method()[pri:0, instance:KiteLoginTestPackage.LoginTestClass@17046283]" started-at="2021-08-04T13:16:50 IST" name="Kite_Login_Method" finished-at="2021-08-04T13:16:52 IST" duration-ms="1277" status="PASS">
          <reporter-output>
          </reporter-output>
        </test-method> <!-- Kite_Login_Method -->
        <test-method signature="VerifyAvailableCashTest()[pri:0, instance:KiteLoginTestPackage.LoginTestClass@17046283]" started-at="2021-08-04T13:16:52 IST" name="VerifyAvailableCashTest" finished-at="2021-08-04T13:16:54 IST" duration-ms="2320" status="FAIL">
          <exception class="junit.framework.ComparisonFailure">
            <message>
              <![CDATA[Expected cash and available actual cash different expected:<0....> but was:<500...>]]>
            </message>
            <full-stacktrace>
              <![CDATA[junit.framework.ComparisonFailure: Expected cash and available actual cash different expected:<0....> but was:<500...>
at junit.framework.Assert.assertEquals(Assert.java:81)
at KiteLoginTestPackage.LoginTestClass.VerifyAvailableCashTest(LoginTestClass.java:85)
at java.base/jdk.internal.reflect.NativeMethodAccessorImpl.invoke0(Native Method)
at java.base/jdk.internal.reflect.NativeMethodAccessorImpl.invoke(NativeMethodAccessorImpl.java:78)
at java.base/jdk.internal.reflect.DelegatingMethodAccessorImpl.invoke(DelegatingMethodAccessorImpl.java:43)
at java.base/java.lang.reflect.Method.invoke(Method.java:567)
at org.testng.internal.MethodInvocationHelper.invokeMethod(MethodInvocationHelper.java:133)
at org.testng.internal.TestInvoker.invokeMethod(TestInvoker.java:598)
at org.testng.internal.TestInvoker.invokeTestMethod(TestInvoker.java:173)
at org.testng.internal.MethodRunner.runInSequence(MethodRunner.java:46)
at org.testng.internal.TestInvoker$MethodInvocationAgent.invoke(TestInvoker.java:824)
at org.testng.internal.TestInvoker.invokeTestMethods(TestInvoker.java:146)
at org.testng.internal.TestMethodWorker.invokeTestMethods(TestMethodWorker.java:146)
at org.testng.internal.TestMethodWorker.run(TestMethodWorker.java:128)
at java.base/java.util.ArrayList.forEach(ArrayList.java:1511)
at org.testng.TestRunner.privateRun(TestRunner.java:794)
at org.testng.TestRunner.run(TestRunner.java:596)
at org.testng.SuiteRunner.runTest(SuiteRunner.java:377)
at org.testng.SuiteRunner.runSequentially(SuiteRunner.java:371)
at org.testng.SuiteRunner.privateRun(SuiteRunner.java:332)
at org.testng.SuiteRunner.run(SuiteRunner.java:276)
at org.testng.SuiteRunnerWorker.runSuite(SuiteRunnerWorker.java:53)
at org.testng.SuiteRunnerWorker.run(SuiteRunnerWorker.java:96)
at org.testng.TestNG.runSuitesSequentially(TestNG.java:1212)
at org.testng.TestNG.runSuitesLocally(TestNG.java:1134)
at org.testng.TestNG.runSuites(TestNG.java:1063)
at org.testng.TestNG.run(TestNG.java:1031)
at org.testng.remote.AbstractRemoteTestNG.run(AbstractRemoteTestNG.java:115)
at org.testng.remote.RemoteTestNG.initAndRun(RemoteTestNG.java:251)
at org.testng.remote.RemoteTestNG.main(RemoteTestNG.java:77)
]]>
            </full-stacktrace>
          </exception> <!-- junit.framework.ComparisonFailure -->
          <reporter-output>
          </reporter-output>
        </test-method> <!-- VerifyAvailableCashTest -->
        <test-method is-config="true" signature="Kite_Logout_And_Refresh_Method()[pri:0, instance:KiteLoginTestPackage.LoginTestClass@17046283]" started-at="2021-08-04T13:16:54 IST" name="Kite_Logout_And_Refresh_Method" finished-at="2021-08-04T13:16:55 IST" duration-ms="724" status="PASS">
          <reporter-output>
          </reporter-output>
        </test-method> <!-- Kite_Logout_And_Refresh_Method -->
        <test-method is-config="true" signature="Close_Set_Up()[pri:0, instance:KiteLoginTestPackage.LoginTestClass@17046283]" started-at="2021-08-04T13:16:55 IST" name="Close_Set_Up" finished-at="2021-08-04T13:16:55 IST" duration-ms="678" status="PASS">
          <reporter-output>
          </reporter-output>
        </test-method> <!-- Close_Set_Up -->
      </class> <!-- KiteLoginTestPackage.LoginTestClass -->
    </test> <!-- Default test -->
  </suite> <!-- Default suite -->
</testng-results>
